#
# There is insufficient memory for the Java Runtime Environment to continue.
# Native memory allocation (malloc) failed to allocate 1090016 bytes for Chunk::new
# Possible reasons:
#   The system is out of physical RAM or swap space
#   The process is running with CompressedOops enabled, and the Java Heap may be blocking the growth of the native heap
# Possible solutions:
#   Reduce memory load on the system
#   Increase physical memory or swap space
#   Check if swap backing store is full
#   Decrease Java heap size (-Xmx/-Xms)
#   Decrease number of Java threads
#   Decrease Java thread stack sizes (-Xss)
#   Set larger code cache with -XX:ReservedCodeCacheSize=
#   JVM is running with Unscaled Compressed Oops mode in which the Java heap is
#     placed in the first 4GB address space. The Java Heap base address is the
#     maximum limit for the native heap growth. Please use -XX:HeapBaseMinAddress
#     to set the Java Heap base and to place the Java Heap above 4GB virtual address.
# This output file may be truncated or incomplete.
#
#  Out of Memory Error (allocation.cpp:389), pid=14096, tid=0x0000000000004028
#
# JRE version: OpenJDK Runtime Environment (8.0_242-b01) (build 1.8.0_242-release-1644-b01)
# Java VM: OpenJDK 64-Bit Server VM (25.242-b01 mixed mode windows-amd64 compressed oops)
# Failed to write core dump. Minidumps are not enabled by default on client versions of Windows
#

---------------  T H R E A D  ---------------

Current thread (0x0000000019bdb000):  JavaThread "C2 CompilerThread1" daemon [_thread_in_native, id=16424, stack(0x000000001b260000,0x000000001b360000)]

Stack: [0x000000001b260000,0x000000001b360000]
[error occurred during error reporting (printing stack bounds), id 0xc0000005]

Native frames: (J=compiled Java code, j=interpreted, Vv=VM code, C=native code)


Current CompileTask:
C2:   6929 7795       4       org.gradle.internal.snapshot.SnapshotUtil::getMetadataFromChildren (317 bytes)


---------------  P R O C E S S  ---------------

Java Threads: ( => current thread )
  0x00000000234c6800 JavaThread "Cache worker for execution history cache (C:\Users\seunghwan\AndroidStudioProjects\AllShowMe\.gradle\6.5\executionHistory)" [_thread_blocked, id=17796, stack(0x000000002f5f0000,0x000000002f6f0000)]
  0x00000000234bf000 JavaThread "Execution worker for ':' Thread 11" [_thread_blocked, id=17792, stack(0x000000002f4f0000,0x000000002f5f0000)]
  0x00000000234c2000 JavaThread "Execution worker for ':' Thread 10" [_thread_blocked, id=17788, stack(0x000000002f3f0000,0x000000002f4f0000)]
  0x00000000234c6000 JavaThread "Execution worker for ':' Thread 9" [_thread_blocked, id=17784, stack(0x000000002f2f0000,0x000000002f3f0000)]
  0x00000000234c1800 JavaThread "Execution worker for ':' Thread 8" [_thread_blocked, id=17780, stack(0x000000002f1f0000,0x000000002f2f0000)]
  0x00000000234c3800 JavaThread "Execution worker for ':' Thread 7" [_thread_blocked, id=17776, stack(0x000000002f0f0000,0x000000002f1f0000)]
  0x00000000234c4800 JavaThread "Execution worker for ':' Thread 6" [_thread_blocked, id=17772, stack(0x000000002eff0000,0x000000002f0f0000)]
  0x00000000234c5000 JavaThread "Execution worker for ':' Thread 5" [_thread_blocked, id=17768, stack(0x000000002eef0000,0x000000002eff0000)]
  0x00000000234bc000 JavaThread "Execution worker for ':' Thread 4" [_thread_in_Java, id=17764, stack(0x000000002edf0000,0x000000002eef0000)]
  0x00000000234be800 JavaThread "Execution worker for ':' Thread 3" [_thread_blocked, id=17760, stack(0x000000002ecf0000,0x000000002edf0000)]
  0x00000000234bd800 JavaThread "Execution worker for ':' Thread 2" [_thread_blocked, id=17756, stack(0x000000002ebf0000,0x000000002ecf0000)]
  0x00000000234c0800 JavaThread "Execution worker for ':'" [_thread_blocked, id=17752, stack(0x000000002eaf0000,0x000000002ebf0000)]
  0x00000000234c3000 JavaThread "Cache worker for file content cache (C:\Users\seunghwan\AndroidStudioProjects\AllShowMe\.gradle\6.5\fileContent)" [_thread_blocked, id=17732, stack(0x000000002e3f0000,0x000000002e4f0000)]
  0x00000000234bd000 JavaThread "Memory manager" [_thread_blocked, id=17728, stack(0x000000002d0a0000,0x000000002d1a0000)]
  0x0000000020dee800 JavaThread "Cache worker for Build Output Cleanup Cache (C:\Users\seunghwan\AndroidStudioProjects\AllShowMe\.gradle\buildOutputCleanup)" [_thread_blocked, id=17692, stack(0x000000002c1a0000,0x000000002c2a0000)]
  0x0000000020dee000 JavaThread "jar transforms Thread 114" [_thread_blocked, id=17576, stack(0x000000002bea0000,0x000000002bfa0000)]
  0x0000000020df0000 JavaThread "jar transforms Thread 113" [_thread_blocked, id=17572, stack(0x000000002bda0000,0x000000002bea0000)]
  0x0000000020de6800 JavaThread "jar transforms Thread 112" [_thread_blocked, id=17568, stack(0x000000002bca0000,0x000000002bda0000)]
  0x0000000020ded000 JavaThread "jar transforms Thread 111" [_thread_blocked, id=17564, stack(0x000000002bba0000,0x000000002bca0000)]
  0x0000000020dec800 JavaThread "jar transforms Thread 110" [_thread_blocked, id=17560, stack(0x000000002baa0000,0x000000002bba0000)]
  0x0000000020deb000 JavaThread "jar transforms Thread 109" [_thread_blocked, id=17556, stack(0x000000002b9a0000,0x000000002baa0000)]
  0x0000000020dea000 JavaThread "jar transforms Thread 108" [_thread_blocked, id=17552, stack(0x000000002b8a0000,0x000000002b9a0000)]
  0x0000000020deb800 JavaThread "jar transforms Thread 107" [_thread_blocked, id=17548, stack(0x000000002b7a0000,0x000000002b8a0000)]
  0x0000000020de9800 JavaThread "jar transforms Thread 106" [_thread_blocked, id=17544, stack(0x000000002b6a0000,0x000000002b7a0000)]
  0x0000000020de5000 JavaThread "jar transforms Thread 105" [_thread_blocked, id=17540, stack(0x000000002b5a0000,0x000000002b6a0000)]
  0x0000000020de5800 JavaThread "jar transforms Thread 104" [_thread_blocked, id=17536, stack(0x000000002b4a0000,0x000000002b5a0000)]
  0x0000000020de2800 JavaThread "jar transforms Thread 103" [_thread_blocked, id=17532, stack(0x000000002b3a0000,0x000000002b4a0000)]
  0x0000000020de2000 JavaThread "jar transforms Thread 102" [_thread_blocked, id=17528, stack(0x000000002b2a0000,0x000000002b3a0000)]
  0x0000000020de8000 JavaThread "jar transforms Thread 101" [_thread_blocked, id=17524, stack(0x000000002b1a0000,0x000000002b2a0000)]
  0x0000000020de8800 JavaThread "jar transforms Thread 100" [_thread_blocked, id=17520, stack(0x000000002b0a0000,0x000000002b1a0000)]
  0x0000000020de7000 JavaThread "jar transforms Thread 99" [_thread_blocked, id=17516, stack(0x000000002afa0000,0x000000002b0a0000)]
  0x0000000020de4000 JavaThread "jar transforms Thread 98" [_thread_blocked, id=17512, stack(0x000000002ada0000,0x000000002aea0000)]
  0x0000000020de3800 JavaThread "jar transforms Thread 97" [_thread_blocked, id=17508, stack(0x000000002aca0000,0x000000002ada0000)]
  0x0000000021302800 JavaThread "jar transforms Thread 96" [_thread_blocked, id=17504, stack(0x000000002aba0000,0x000000002aca0000)]
  0x0000000021301800 JavaThread "jar transforms Thread 95" [_thread_blocked, id=17500, stack(0x000000002aaa0000,0x000000002aba0000)]
  0x0000000021301000 JavaThread "jar transforms Thread 94" [_thread_blocked, id=17496, stack(0x000000002a9a0000,0x000000002aaa0000)]
  0x0000000021300000 JavaThread "jar transforms Thread 93" [_thread_blocked, id=17492, stack(0x000000002a8a0000,0x000000002a9a0000)]
  0x00000000212ff800 JavaThread "jar transforms Thread 92" [_thread_blocked, id=17488, stack(0x000000002a7a0000,0x000000002a8a0000)]
  0x00000000212f8000 JavaThread "jar transforms Thread 91" [_thread_blocked, id=17484, stack(0x000000002a6a0000,0x000000002a7a0000)]
  0x00000000212fe800 JavaThread "jar transforms Thread 90" [_thread_blocked, id=17480, stack(0x000000002a5a0000,0x000000002a6a0000)]
  0x00000000212f7000 JavaThread "jar transforms Thread 89" [_thread_blocked, id=17476, stack(0x000000002a4a0000,0x000000002a5a0000)]
  0x00000000212fe000 JavaThread "jar transforms Thread 88" [_thread_blocked, id=17472, stack(0x000000002a3a0000,0x000000002a4a0000)]
  0x00000000212fd000 JavaThread "jar transforms Thread 87" [_thread_blocked, id=17468, stack(0x000000002a2a0000,0x000000002a3a0000)]
  0x00000000212fc800 JavaThread "jar transforms Thread 86" [_thread_blocked, id=17464, stack(0x000000002a1a0000,0x000000002a2a0000)]
  0x00000000212f5000 JavaThread "jar transforms Thread 85" [_thread_blocked, id=17460, stack(0x000000002a0a0000,0x000000002a1a0000)]
  0x00000000212fb800 JavaThread "jar transforms Thread 84" [_thread_blocked, id=17456, stack(0x0000000029fa0000,0x000000002a0a0000)]
  0x00000000212f8800 JavaThread "jar transforms Thread 83" [_thread_blocked, id=17452, stack(0x0000000029ea0000,0x0000000029fa0000)]
  0x00000000212f6800 JavaThread "jar transforms Thread 82" [_thread_blocked, id=17448, stack(0x0000000029da0000,0x0000000029ea0000)]
  0x00000000212fb000 JavaThread "jar transforms Thread 81" [_thread_blocked, id=17444, stack(0x0000000029ca0000,0x0000000029da0000)]
  0x00000000212f3800 JavaThread "jar transforms Thread 80" [_thread_blocked, id=17440, stack(0x0000000029ba0000,0x0000000029ca0000)]
  0x00000000212f5800 JavaThread "jar transforms Thread 79" [_thread_blocked, id=17436, stack(0x0000000029aa0000,0x0000000029ba0000)]
  0x00000000212fa000 JavaThread "jar transforms Thread 78" [_thread_blocked, id=17432, stack(0x0000000024be0000,0x0000000024ce0000)]
  0x00000000212f4000 JavaThread "jar transforms Thread 77" [_thread_blocked, id=17428, stack(0x0000000024ae0000,0x0000000024be0000)]
  0x00000000212f9800 JavaThread "jar transforms Thread 76" [_thread_blocked, id=17424, stack(0x00000000299a0000,0x0000000029aa0000)]
  0x0000000020e01000 JavaThread "jar transforms Thread 75" [_thread_blocked, id=17420, stack(0x00000000298a0000,0x00000000299a0000)]
  0x0000000020e00000 JavaThread "jar transforms Thread 74" [_thread_blocked, id=17416, stack(0x00000000297a0000,0x00000000298a0000)]
  0x0000000020dfe000 JavaThread "jar transforms Thread 73" [_thread_blocked, id=17412, stack(0x00000000296a0000,0x00000000297a0000)]
  0x0000000020dff800 JavaThread "jar transforms Thread 72" [_thread_blocked, id=4188, stack(0x00000000295a0000,0x00000000296a0000)]
  0x0000000020dfb000 JavaThread "jar transforms Thread 71" [_thread_blocked, id=4744, stack(0x00000000294a0000,0x00000000295a0000)]
  0x0000000020dfe800 JavaThread "jar transforms Thread 70" [_thread_blocked, id=6040, stack(0x00000000293a0000,0x00000000294a0000)]
  0x0000000020df6800 JavaThread "jar transforms Thread 69" [_thread_blocked, id=2612, stack(0x00000000292a0000,0x00000000293a0000)]
  0x0000000020dfb800 JavaThread "jar transforms Thread 68" [_thread_blocked, id=5524, stack(0x00000000291a0000,0x00000000292a0000)]
  0x0000000020dfd000 JavaThread "jar transforms Thread 67" [_thread_blocked, id=5532, stack(0x00000000290a0000,0x00000000291a0000)]
  0x0000000020dfa000 JavaThread "jar transforms Thread 66" [_thread_blocked, id=6028, stack(0x0000000028fa0000,0x00000000290a0000)]
  0x0000000020df9800 JavaThread "jar transforms Thread 65" [_thread_blocked, id=14008, stack(0x0000000028ea0000,0x0000000028fa0000)]
  0x0000000020df5800 JavaThread "jar transforms Thread 64" [_thread_blocked, id=1860, stack(0x0000000028da0000,0x0000000028ea0000)]
  0x0000000020dfc800 JavaThread "jar transforms Thread 63" [_thread_blocked, id=10184, stack(0x0000000028ca0000,0x0000000028da0000)]
  0x0000000020df3800 JavaThread "jar transforms Thread 62" [_thread_blocked, id=4152, stack(0x0000000028ba0000,0x0000000028ca0000)]
  0x0000000020df2000 JavaThread "jar transforms Thread 61" [_thread_blocked, id=2728, stack(0x0000000028aa0000,0x0000000028ba0000)]
  0x0000000020df8800 JavaThread "jar transforms Thread 60" [_thread_blocked, id=2112, stack(0x00000000289a0000,0x0000000028aa0000)]
  0x0000000020df4000 JavaThread "jar transforms Thread 59" [_thread_blocked, id=8268, stack(0x00000000288a0000,0x00000000289a0000)]
  0x0000000020df2800 JavaThread "jar transforms Thread 58" [_thread_blocked, id=9736, stack(0x00000000287a0000,0x00000000288a0000)]
  0x0000000020df7000 JavaThread "jar transforms Thread 57" [_thread_blocked, id=16080, stack(0x00000000286a0000,0x00000000287a0000)]
  0x0000000020df8000 JavaThread "jar transforms Thread 56" [_thread_blocked, id=7012, stack(0x00000000285a0000,0x00000000286a0000)]
  0x0000000020df5000 JavaThread "jar transforms Thread 55" [_thread_blocked, id=4936, stack(0x00000000284a0000,0x00000000285a0000)]
  0x000000002116e800 JavaThread "jar transforms Thread 54" [_thread_blocked, id=11288, stack(0x00000000283a0000,0x00000000284a0000)]
  0x0000000021170000 JavaThread "jar transforms Thread 53" [_thread_blocked, id=16592, stack(0x00000000282a0000,0x00000000283a0000)]
  0x000000002116d800 JavaThread "jar transforms Thread 52" [_thread_blocked, id=1760, stack(0x00000000281a0000,0x00000000282a0000)]
  0x0000000021170800 JavaThread "jar transforms Thread 51" [_thread_blocked, id=568, stack(0x00000000280a0000,0x00000000281a0000)]
  0x000000002116d000 JavaThread "jar transforms Thread 50" [_thread_blocked, id=4232, stack(0x0000000027fa0000,0x00000000280a0000)]
  0x0000000021171800 JavaThread "jar transforms Thread 49" [_thread_blocked, id=10880, stack(0x0000000027ea0000,0x0000000027fa0000)]
  0x000000002116c000 JavaThread "jar transforms Thread 48" [_thread_blocked, id=15480, stack(0x0000000027da0000,0x0000000027ea0000)]
  0x000000002116f000 JavaThread "jar transforms Thread 47" [_thread_blocked, id=7444, stack(0x0000000027ca0000,0x0000000027da0000)]
  0x0000000021164800 JavaThread "jar transforms Thread 46" [_thread_blocked, id=2684, stack(0x0000000027ba0000,0x0000000027ca0000)]
  0x000000002116b800 JavaThread "jar transforms Thread 45" [_thread_blocked, id=1304, stack(0x0000000027aa0000,0x0000000027ba0000)]
  0x0000000021166000 JavaThread "jar transforms Thread 44" [_thread_blocked, id=10768, stack(0x00000000279a0000,0x0000000027aa0000)]
  0x0000000021165000 JavaThread "jar transforms Thread 43" [_thread_blocked, id=2784, stack(0x00000000278a0000,0x00000000279a0000)]
  0x000000002116a800 JavaThread "jar transforms Thread 42" [_thread_blocked, id=17280, stack(0x00000000277a0000,0x00000000278a0000)]
  0x000000002116a000 JavaThread "jar transforms Thread 41" [_thread_blocked, id=8244, stack(0x00000000276a0000,0x00000000277a0000)]
  0x0000000021162000 JavaThread "jar transforms Thread 40" [_thread_blocked, id=15680, stack(0x00000000275a0000,0x00000000276a0000)]
  0x0000000021167800 JavaThread "jar transforms Thread 39" [_thread_blocked, id=8652, stack(0x00000000274a0000,0x00000000275a0000)]
  0x0000000021163000 JavaThread "jar transforms Thread 38" [_thread_blocked, id=16244, stack(0x00000000273a0000,0x00000000274a0000)]
  0x0000000021167000 JavaThread "jar transforms Thread 37" [_thread_blocked, id=1724, stack(0x00000000272a0000,0x00000000273a0000)]
  0x0000000021169000 JavaThread "jar transforms Thread 36" [_thread_blocked, id=9240, stack(0x0000000026fa0000,0x00000000270a0000)]
  0x0000000021168800 JavaThread "jar transforms Thread 35" [_thread_blocked, id=17084, stack(0x0000000026ea0000,0x0000000026fa0000)]
  0x0000000021163800 JavaThread "jar transforms Thread 34" [_thread_blocked, id=2868, stack(0x0000000026da0000,0x0000000026ea0000)]
  0x00000000201df000 JavaThread "jar transforms Thread 33" [_thread_blocked, id=2804, stack(0x0000000026ca0000,0x0000000026da0000)]
  0x00000000201d8000 JavaThread "jar transforms Thread 32" [_thread_blocked, id=6660, stack(0x0000000026ba0000,0x0000000026ca0000)]
  0x00000000201dd800 JavaThread "jar transforms Thread 31" [_thread_blocked, id=10352, stack(0x0000000026aa0000,0x0000000026ba0000)]
  0x00000000201de000 JavaThread "jar transforms Thread 30" [_thread_blocked, id=1008, stack(0x00000000269a0000,0x0000000026aa0000)]
  0x00000000201dc800 JavaThread "jar transforms Thread 29" [_thread_blocked, id=11212, stack(0x00000000268a0000,0x00000000269a0000)]
  0x00000000201d5000 JavaThread "jar transforms Thread 28" [_thread_blocked, id=15920, stack(0x00000000267a0000,0x00000000268a0000)]
  0x00000000201d9800 JavaThread "jar transforms Thread 27" [_thread_blocked, id=14500, stack(0x00000000266a0000,0x00000000267a0000)]
  0x00000000201dc000 JavaThread "jar transforms Thread 26" [_thread_blocked, id=10288, stack(0x00000000265a0000,0x00000000266a0000)]
  0x00000000201d9000 JavaThread "jar transforms Thread 25" [_thread_blocked, id=2044, stack(0x00000000264a0000,0x00000000265a0000)]
  0x00000000201da800 JavaThread "jar transforms Thread 24" [_thread_blocked, id=14916, stack(0x00000000263a0000,0x00000000264a0000)]
  0x00000000201db000 JavaThread "jar transforms Thread 23" [_thread_blocked, id=896, stack(0x00000000262a0000,0x00000000263a0000)]
  0x00000000201d0800 JavaThread "jar transforms Thread 22" [_thread_blocked, id=16888, stack(0x00000000261a0000,0x00000000262a0000)]
  0x00000000201d4800 JavaThread "jar transforms Thread 21" [_thread_blocked, id=7288, stack(0x00000000260a0000,0x00000000261a0000)]
  0x00000000201d7800 JavaThread "jar transforms Thread 20" [_thread_blocked, id=12580, stack(0x0000000025fa0000,0x00000000260a0000)]
  0x00000000201d6000 JavaThread "jar transforms Thread 19" [_thread_blocked, id=11144, stack(0x0000000025ea0000,0x0000000025fa0000)]
  0x00000000201d2000 JavaThread "jar transforms Thread 18" [_thread_blocked, id=11148, stack(0x0000000025da0000,0x0000000025ea0000)]
  0x00000000201d3800 JavaThread "jar transforms Thread 17" [_thread_blocked, id=16352, stack(0x0000000025ca0000,0x0000000025da0000)]
  0x00000000201d0000 JavaThread "jar transforms Thread 16" [_thread_blocked, id=1972, stack(0x0000000025ba0000,0x0000000025ca0000)]
  0x00000000201d6800 JavaThread "jar transforms Thread 15" [_thread_blocked, id=980, stack(0x0000000025aa0000,0x0000000025ba0000)]
  0x00000000201d1800 JavaThread "jar transforms Thread 14" [_thread_blocked, id=8688, stack(0x00000000259a0000,0x0000000025aa0000)]
  0x00000000201d3000 JavaThread "jar transforms Thread 13" [_thread_blocked, id=10412, stack(0x00000000258a0000,0x00000000259a0000)]
  0x000000002016d800 JavaThread "jar transforms Thread 12" [_thread_blocked, id=8336, stack(0x00000000257a0000,0x00000000258a0000)]
  0x000000002016c800 JavaThread "jar transforms Thread 11" [_thread_blocked, id=1264, stack(0x00000000256a0000,0x00000000257a0000)]
  0x000000002016a800 JavaThread "jar transforms Thread 10" [_thread_blocked, id=12344, stack(0x00000000255a0000,0x00000000256a0000)]
  0x0000000020171000 JavaThread "jar transforms Thread 9" [_thread_blocked, id=1708, stack(0x00000000254a0000,0x00000000255a0000)]
  0x0000000020170800 JavaThread "jar transforms Thread 8" [_thread_blocked, id=14004, stack(0x00000000253a0000,0x00000000254a0000)]
  0x000000002016c000 JavaThread "jar transforms Thread 7" [_thread_blocked, id=15908, stack(0x00000000252a0000,0x00000000253a0000)]
  0x000000002016b000 JavaThread "jar transforms Thread 6" [_thread_blocked, id=2880, stack(0x00000000251a0000,0x00000000252a0000)]
  0x000000002016e000 JavaThread "jar transforms Thread 5" [_thread_blocked, id=2764, stack(0x00000000250a0000,0x00000000251a0000)]
  0x000000002016f800 JavaThread "jar transforms Thread 4" [_thread_blocked, id=17328, stack(0x0000000024fa0000,0x00000000250a0000)]
  0x000000002016f000 JavaThread "jar transforms Thread 3" [_thread_blocked, id=5064, stack(0x0000000024ea0000,0x0000000024fa0000)]
  0x000000001cee0800 JavaThread "jar transforms Thread 2" [_thread_blocked, id=11324, stack(0x0000000024da0000,0x0000000024ea0000)]
  0x000000001cee3800 JavaThread "Build operations Thread 12" [_thread_blocked, id=15916, stack(0x00000000249e0000,0x0000000024ae0000)]
  0x000000001cee4800 JavaThread "Build operations Thread 11" [_thread_blocked, id=17176, stack(0x00000000248e0000,0x00000000249e0000)]
  0x000000001cee3000 JavaThread "Build operations Thread 10" [_thread_blocked, id=7488, stack(0x00000000247e0000,0x00000000248e0000)]
  0x000000001cee2000 JavaThread "Build operations Thread 9" [_thread_blocked, id=11252, stack(0x00000000246e0000,0x00000000247e0000)]
  0x000000001cee0000 JavaThread "Build operations Thread 8" [_thread_blocked, id=16536, stack(0x00000000245e0000,0x00000000246e0000)]
  0x000000001cee1800 JavaThread "Build operations Thread 7" [_thread_blocked, id=6424, stack(0x00000000244e0000,0x00000000245e0000)]
  0x000000001ced8800 JavaThread "Build operations Thread 6" [_thread_blocked, id=2608, stack(0x00000000243e0000,0x00000000244e0000)]
  0x000000001cedd800 JavaThread "Build operations Thread 5" [_thread_blocked, id=6420, stack(0x00000000242e0000,0x00000000243e0000)]
  0x000000001cedf000 JavaThread "Build operations Thread 4" [_thread_blocked, id=1864, stack(0x00000000241e0000,0x00000000242e0000)]
  0x000000001cedd000 JavaThread "Build operations Thread 3" [_thread_blocked, id=952, stack(0x00000000240e0000,0x00000000241e0000)]
  0x000000001cede800 JavaThread "Build operations Thread 2" [_thread_blocked, id=15932, stack(0x0000000023fe0000,0x00000000240e0000)]
  0x000000001cedb800 JavaThread "Build operations" [_thread_blocked, id=1064, stack(0x0000000023ee0000,0x0000000023fe0000)]
  0x000000001d72a000 JavaThread "Cache worker for file content cache (C:\Users\seunghwan\.gradle\caches\6.5\fileContent)" [_thread_blocked, id=14920, stack(0x0000000022810000,0x0000000022910000)]
  0x000000001d72d000 JavaThread "jar transforms" [_thread_blocked, id=12172, stack(0x0000000022710000,0x0000000022810000)]
  0x000000001d731000 JavaThread "Cache worker for execution history cache (C:\Users\seunghwan\.gradle\caches\6.5\executionHistory)" [_thread_blocked, id=1728, stack(0x0000000022010000,0x0000000022110000)]
  0x000000001d72f800 JavaThread "Cache worker for cache directory md-rule (C:\Users\seunghwan\.gradle\caches\6.5\md-rule)" [_thread_blocked, id=16712, stack(0x0000000021f10000,0x0000000022010000)]
  0x000000001d72c000 JavaThread "Cache worker for cache directory md-supplier (C:\Users\seunghwan\.gradle\caches\6.5\md-supplier)" [_thread_blocked, id=11176, stack(0x0000000021e10000,0x0000000021f10000)]
  0x000000001d72b800 JavaThread "Cache worker for checksums cache (C:\Users\seunghwan\AndroidStudioProjects\AllShowMe\.gradle\checksums)" [_thread_blocked, id=780, stack(0x00000000217a0000,0x00000000218a0000)]
  0x000000001d72e800 JavaThread "Cache worker for file hash cache (C:\Users\seunghwan\AndroidStudioProjects\AllShowMe\.gradle\6.5\fileHashes)" [_thread_blocked, id=9668, stack(0x0000000021b10000,0x0000000021c10000)]
  0x000000001d72a800 JavaThread "Cache worker for file hash cache (C:\Users\seunghwan\.gradle\caches\6.5\fileHashes)" [_thread_blocked, id=14676, stack(0x000000001f500000,0x000000001f600000)]
  0x000000001d730000 JavaThread "File lock request listener" [_thread_in_native, id=2336, stack(0x000000001f400000,0x000000001f500000)]
  0x000000001d724800 JavaThread "Cache worker for journal cache (C:\Users\seunghwan\.gradle\caches\journal-1)" [_thread_blocked, id=1088, stack(0x000000001f300000,0x000000001f400000)]
  0x000000001d437800 JavaThread "Thread-9" [_thread_blocked, id=16840, stack(0x000000001f000000,0x000000001f100000)]
  0x000000001d3e7000 JavaThread "Stdin handler" [_thread_blocked, id=17216, stack(0x000000001ef00000,0x000000001f000000)]
  0x000000001d3e6800 JavaThread "Asynchronous log dispatcher for DefaultDaemonConnection: socket connection from /127.0.0.1:52825 to /127.0.0.1:52826" [_thread_blocked, id=4632, stack(0x000000001ee00000,0x000000001ef00000)]
  0x000000001d3fe000 JavaThread "Daemon worker" [_thread_blocked, id=13124, stack(0x000000001ed00000,0x000000001ee00000)]
  0x000000001d3fd000 JavaThread "Cancel handler" [_thread_blocked, id=10968, stack(0x000000001ec00000,0x000000001ed00000)]
  0x000000001d35d000 JavaThread "Handler for socket connection from /127.0.0.1:52825 to /127.0.0.1:52826" [_thread_in_native, id=14364, stack(0x000000001eb00000,0x000000001ec00000)]
  0x000000001d35c800 JavaThread "Daemon" [_thread_blocked, id=10432, stack(0x000000001e900000,0x000000001ea00000)]
  0x000000001d359800 JavaThread "Daemon periodic checks" [_thread_blocked, id=1644, stack(0x000000001e600000,0x000000001e700000)]
  0x000000001d3bc800 JavaThread "Incoming local TCP Connector on port 52825" [_thread_in_native, id=10476, stack(0x000000001e420000,0x000000001e520000)]
  0x000000001d271800 JavaThread "Daemon health stats" [_thread_blocked, id=2544, stack(0x000000001e100000,0x000000001e200000)]
  0x0000000019c66800 JavaThread "Service Thread" daemon [_thread_blocked, id=11228, stack(0x000000001b560000,0x000000001b660000)]
  0x0000000019be3800 JavaThread "C1 CompilerThread3" daemon [_thread_blocked, id=11372, stack(0x000000001b460000,0x000000001b560000)]
  0x0000000019be1800 JavaThread "C2 CompilerThread2" daemon [_thread_in_native, id=10824, stack(0x000000001b360000,0x000000001b460000)]
=>0x0000000019bdb000 JavaThread "C2 CompilerThread1" daemon [_thread_in_native, id=16424, stack(0x000000001b260000,0x000000001b360000)]
  0x0000000019b7e000 JavaThread "C2 CompilerThread0" daemon [_thread_in_native, id=2616, stack(0x000000001b160000,0x000000001b260000)]
  0x0000000019b79000 JavaThread "Attach Listener" daemon [_thread_blocked, id=9764, stack(0x000000001b060000,0x000000001b160000)]
  0x0000000019bd4000 JavaThread "Signal Dispatcher" daemon [_thread_blocked, id=14148, stack(0x000000001af60000,0x000000001b060000)]
  0x0000000018461800 JavaThread "Finalizer" daemon [_thread_blocked, id=12660, stack(0x000000001add0000,0x000000001aed0000)]
  0x0000000019b63000 JavaThread "Reference Handler" daemon [_thread_blocked, id=11964, stack(0x000000001acd0000,0x000000001add0000)]
  0x0000000002fee800 JavaThread "main" [_thread_blocked, id=7280, stack(0x0000000002ff0000,0x00000000030f0000)]

Other Threads:
  0x0000000018455800 VMThread [stack: 0x000000001abd0000,0x000000001acd0000] [id=15596]
  0x0000000019c11800 WatcherThread [stack: 0x000000001b660000,0x000000001b760000] [id=9432]

VM state:not at safepoint (normal execution)

VM Mutex/Monitor currently owned by a thread: None

heap address: 0x0000000080000000, size: 2048 MB, Compressed Oops mode: 32-bit
Narrow klass base: 0x0000000000000000, Narrow klass shift: 3
Compressed class space size: 1073741824 Address: 0x0000000100000000

Heap:
 PSYoungGen      total 345088K, used 269786K [0x00000000d5580000, 0x00000000f3d00000, 0x0000000100000000)
  eden space 324096K, 83% used [0x00000000d5580000,0x00000000e5d22680,0x00000000e9200000)
  from space 20992K, 0% used [0x00000000e9200000,0x00000000e9200000,0x00000000ea680000)
  to   space 27136K, 0% used [0x00000000f2280000,0x00000000f2280000,0x00000000f3d00000)
 ParOldGen       total 174080K, used 38914K [0x0000000080000000, 0x000000008aa00000, 0x00000000d5580000)
  object space 174080K, 22% used [0x0000000080000000,0x0000000082600870,0x000000008aa00000)
 Metaspace       used 67708K, capacity 71424K, committed 71512K, reserved 1110016K
  class space    used 9359K, capacity 10079K, committed 10112K, reserved 1048576K

Card table byte_map: [0x00000000125b0000,0x00000000129c0000] byte_map_base: 0x00000000121b0000

Marking Bits: (ParMarkBitMap*) 0x0000000068c8f030
 Begin Bits: [0x0000000013670000, 0x0000000015670000)
 End Bits:   [0x0000000015670000, 0x0000000017670000)

Polling page: 0x0000000001370000

CodeCache: size=245760Kb used=21280Kb max_used=21280Kb free=224479Kb
 bounds [0x00000000031f0000, 0x00000000046e0000, 0x00000000121f0000]
 total_blobs=7621 nmethods=6817 adapters=718
 compilation: enabled

Compilation events (10 events):
Event: 6.909 Thread 0x0000000019be3800 7828       3       com.google.common.collect.Synchronized$SynchronizedMultimap::delegate (8 bytes)
Event: 6.909 Thread 0x0000000019be3800 nmethod 7828 0x00000000046cd750 code [0x00000000046cd8c0, 0x00000000046cdb30]
Event: 6.914 Thread 0x0000000019be3800 7831       2       java.util.concurrent.locks.ReentrantLock::newCondition (8 bytes)
Event: 6.914 Thread 0x0000000019be3800 nmethod 7831 0x00000000046cd350 code [0x00000000046cd4a0, 0x00000000046cd670]
Event: 6.914 Thread 0x0000000019be3800 7833       2       java.lang.Long::equals (30 bytes)
Event: 6.914 Thread 0x0000000019be3800 nmethod 7833 0x00000000046ccf10 code [0x00000000046cd060, 0x00000000046cd270]
Event: 6.914 Thread 0x0000000019be3800 7832       2       java.util.concurrent.locks.ReentrantLock$Sync::newCondition (9 bytes)
Event: 6.914 Thread 0x0000000019be3800 nmethod 7832 0x00000000046ccb90 code [0x00000000046ccce0, 0x00000000046cce90]
Event: 6.920 Thread 0x0000000019be3800 7836       1       org.gradle.api.internal.artifacts.configurations.DefaultConfiguration$ConfigurationArtifactCollection::getArtifactFiles (5 bytes)
Event: 6.921 Thread 0x0000000019be3800 nmethod 7836 0x00000000046cc8d0 code [0x00000000046cca20, 0x00000000046ccb30]

GC Heap History (10 events):
Event: 3.458 GC heap before
{Heap before GC invocations=6 (full 1):
 PSYoungGen      total 212992K, used 47318K [0x00000000d5580000, 0x00000000e6a80000, 0x0000000100000000)
  eden space 202240K, 18% used [0x00000000d5580000,0x00000000d79382d0,0x00000000e1b00000)
  from space 10752K, 99% used [0x00000000e6000000,0x00000000e6a7d620,0x00000000e6a80000)
  to   space 10752K, 0% used [0x00000000e5580000,0x00000000e5580000,0x00000000e6000000)
 ParOldGen       total 109568K, used 15679K [0x0000000080000000, 0x0000000086b00000, 0x00000000d5580000)
  object space 109568K, 14% used [0x0000000080000000,0x0000000080f4fd48,0x0000000086b00000)
 Metaspace       used 34261K, capacity 35392K, committed 35416K, reserved 1079296K
  class space    used 4713K, capacity 4973K, committed 4992K, reserved 1048576K
Event: 3.464 GC heap after
Heap after GC invocations=6 (full 1):
 PSYoungGen      total 272896K, used 8822K [0x00000000d5580000, 0x00000000eb680000, 0x0000000100000000)
  eden space 262144K, 0% used [0x00000000d5580000,0x00000000d5580000,0x00000000e5580000)
  from space 10752K, 82% used [0x00000000e5580000,0x00000000e5e1db48,0x00000000e6000000)
  to   space 16384K, 0% used [0x00000000ea680000,0x00000000ea680000,0x00000000eb680000)
 ParOldGen       total 109568K, used 15687K [0x0000000080000000, 0x0000000086b00000, 0x00000000d5580000)
  object space 109568K, 14% used [0x0000000080000000,0x0000000080f51d48,0x0000000086b00000)
 Metaspace       used 34261K, capacity 35392K, committed 35416K, reserved 1079296K
  class space    used 4713K, capacity 4973K, committed 4992K, reserved 1048576K
}
Event: 3.464 GC heap before
{Heap before GC invocations=7 (full 2):
 PSYoungGen      total 272896K, used 8822K [0x00000000d5580000, 0x00000000eb680000, 0x0000000100000000)
  eden space 262144K, 0% used [0x00000000d5580000,0x00000000d5580000,0x00000000e5580000)
  from space 10752K, 82% used [0x00000000e5580000,0x00000000e5e1db48,0x00000000e6000000)
  to   space 16384K, 0% used [0x00000000ea680000,0x00000000ea680000,0x00000000eb680000)
 ParOldGen       total 109568K, used 15687K [0x0000000080000000, 0x0000000086b00000, 0x00000000d5580000)
  object space 109568K, 14% used [0x0000000080000000,0x0000000080f51d48,0x0000000086b00000)
 Metaspace       used 34261K, capacity 35392K, committed 35416K, reserved 1079296K
  class space    used 4713K, capacity 4973K, committed 4992K, reserved 1048576K
Event: 3.508 GC heap after
Heap after GC invocations=7 (full 2):
 PSYoungGen      total 272896K, used 0K [0x00000000d5580000, 0x00000000eb680000, 0x0000000100000000)
  eden space 262144K, 0% used [0x00000000d5580000,0x00000000d5580000,0x00000000e5580000)
  from space 10752K, 0% used [0x00000000e5580000,0x00000000e5580000,0x00000000e6000000)
  to   space 16384K, 0% used [0x00000000ea680000,0x00000000ea680000,0x00000000eb680000)
 ParOldGen       total 174080K, used 15388K [0x0000000080000000, 0x000000008aa00000, 0x00000000d5580000)
  object space 174080K, 8% used [0x0000000080000000,0x0000000080f07120,0x000000008aa00000)
 Metaspace       used 34261K, capacity 35392K, committed 35416K, reserved 1079296K
  class space    used 4713K, capacity 4973K, committed 4992K, reserved 1048576K
}
Event: 4.613 GC heap before
{Heap before GC invocations=8 (full 2):
 PSYoungGen      total 272896K, used 262144K [0x00000000d5580000, 0x00000000eb680000, 0x0000000100000000)
  eden space 262144K, 100% used [0x00000000d5580000,0x00000000e5580000,0x00000000e5580000)
  from space 10752K, 0% used [0x00000000e5580000,0x00000000e5580000,0x00000000e6000000)
  to   space 16384K, 0% used [0x00000000ea680000,0x00000000ea680000,0x00000000eb680000)
 ParOldGen       total 174080K, used 15388K [0x0000000080000000, 0x000000008aa00000, 0x00000000d5580000)
  object space 174080K, 8% used [0x0000000080000000,0x0000000080f07120,0x000000008aa00000)
 Metaspace       used 46557K, capacity 48570K, committed 48728K, reserved 1091584K
  class space    used 6304K, capacity 6691K, committed 6784K, reserved 1048576K
Event: 4.625 GC heap after
Heap after GC invocations=8 (full 2):
 PSYoungGen      total 340480K, used 16379K [0x00000000d5580000, 0x00000000edc00000, 0x0000000100000000)
  eden space 324096K, 0% used [0x00000000d5580000,0x00000000d5580000,0x00000000e9200000)
  from space 16384K, 99% used [0x00000000ea680000,0x00000000eb67eff8,0x00000000eb680000)
  to   space 20992K, 0% used [0x00000000e9200000,0x00000000e9200000,0x00000000ea680000)
 ParOldGen       total 174080K, used 19227K [0x0000000080000000, 0x000000008aa00000, 0x00000000d5580000)
  object space 174080K, 11% used [0x0000000080000000,0x00000000812c6d80,0x000000008aa00000)
 Metaspace       used 46557K, capacity 48570K, committed 48728K, reserved 1091584K
  class space    used 6304K, capacity 6691K, committed 6784K, reserved 1048576K
}
Event: 5.382 GC heap before
{Heap before GC invocations=9 (full 2):
 PSYoungGen      total 340480K, used 144152K [0x00000000d5580000, 0x00000000edc00000, 0x0000000100000000)
  eden space 324096K, 39% used [0x00000000d5580000,0x00000000dd247200,0x00000000e9200000)
  from space 16384K, 99% used [0x00000000ea680000,0x00000000eb67eff8,0x00000000eb680000)
  to   space 20992K, 0% used [0x00000000e9200000,0x00000000e9200000,0x00000000ea680000)
 ParOldGen       total 174080K, used 19227K [0x0000000080000000, 0x000000008aa00000, 0x00000000d5580000)
  object space 174080K, 11% used [0x0000000080000000,0x00000000812c6d80,0x000000008aa00000)
 Metaspace       used 56547K, capacity 59000K, committed 59028K, reserved 1099776K
  class space    used 7663K, capacity 8181K, committed 8192K, reserved 1048576K
Event: 5.396 GC heap after
Heap after GC invocations=9 (full 2):
 PSYoungGen      total 345088K, used 20975K [0x00000000d5580000, 0x00000000f3d00000, 0x0000000100000000)
  eden space 324096K, 0% used [0x00000000d5580000,0x00000000d5580000,0x00000000e9200000)
  from space 20992K, 99% used [0x00000000e9200000,0x00000000ea67bf68,0x00000000ea680000)
  to   space 27136K, 0% used [0x00000000f2280000,0x00000000f2280000,0x00000000f3d00000)
 ParOldGen       total 174080K, used 24631K [0x0000000080000000, 0x000000008aa00000, 0x00000000d5580000)
  object space 174080K, 14% used [0x0000000080000000,0x000000008180ddc8,0x000000008aa00000)
 Metaspace       used 56547K, capacity 59000K, committed 59028K, reserved 1099776K
  class space    used 7663K, capacity 8181K, committed 8192K, reserved 1048576K
}
Event: 5.396 GC heap before
{Heap before GC invocations=10 (full 3):
 PSYoungGen      total 345088K, used 20975K [0x00000000d5580000, 0x00000000f3d00000, 0x0000000100000000)
  eden space 324096K, 0% used [0x00000000d5580000,0x00000000d5580000,0x00000000e9200000)
  from space 20992K, 99% used [0x00000000e9200000,0x00000000ea67bf68,0x00000000ea680000)
  to   space 27136K, 0% used [0x00000000f2280000,0x00000000f2280000,0x00000000f3d00000)
 ParOldGen       total 174080K, used 24631K [0x0000000080000000, 0x000000008aa00000, 0x00000000d5580000)
  object space 174080K, 14% used [0x0000000080000000,0x000000008180ddc8,0x000000008aa00000)
 Metaspace       used 56547K, capacity 59000K, committed 59028K, reserved 1099776K
  class space    used 7663K, capacity 8181K, committed 8192K, reserved 1048576K
Event: 5.533 GC heap after
Heap after GC invocations=10 (full 3):
 PSYoungGen      total 345088K, used 0K [0x00000000d5580000, 0x00000000f3d00000, 0x0000000100000000)
  eden space 324096K, 0% used [0x00000000d5580000,0x00000000d5580000,0x00000000e9200000)
  from space 20992K, 0% used [0x00000000e9200000,0x00000000e9200000,0x00000000ea680000)
  to   space 27136K, 0% used [0x00000000f2280000,0x00000000f2280000,0x00000000f3d00000)
 ParOldGen       total 174080K, used 38914K [0x0000000080000000, 0x000000008aa00000, 0x00000000d5580000)
  object space 174080K, 22% used [0x0000000080000000,0x0000000082600870,0x000000008aa00000)
 Metaspace       used 56469K, capacity 58736K, committed 59028K, reserved 1099776K
  class space    used 7638K, capacity 8137K, committed 8192K, reserved 1048576K
}

Deoptimization events (10 events):
Event: 6.737 Thread 0x00000000234bc000 Uncommon trap: reason=unstable_if action=reinterpret pc=0x0000000004579044 method=com.sun.org.apache.xerces.internal.impl.XMLEntityScanner.scanLiteral(ILcom/sun/org/apache/xerces/internal/xni/XMLString;Z)I @ 44
Event: 6.747 Thread 0x00000000234bc000 Uncommon trap: reason=unstable_if action=reinterpret pc=0x00000000045ad98c method=com.sun.org.apache.xerces.internal.impl.XMLEntityScanner.scanContent(Lcom/sun/org/apache/xerces/internal/xni/XMLString;)I @ 44
Event: 6.765 Thread 0x00000000234bc000 Uncommon trap: reason=unstable_if action=reinterpret pc=0x0000000003794030 method=java.lang.Character.isSurrogate(C)Z @ 3
Event: 6.771 Thread 0x00000000234bc000 Uncommon trap: reason=unstable_if action=reinterpret pc=0x000000000416bb78 method=com.sun.org.apache.xerces.internal.dom.DeferredDocumentImpl.clearChunkValue([[Ljava/lang/Object;II)Ljava/lang/String; @ 3
Event: 6.820 Thread 0x00000000234bc000 Uncommon trap: reason=unstable_if action=reinterpret pc=0x00000000046219fc method=com.sun.org.apache.xerces.internal.dom.DeferredDocumentImpl.getChunkIndex([[III)I @ 3
Event: 6.821 Thread 0x00000000234bc000 Uncommon trap: reason=unstable_if action=reinterpret pc=0x0000000004143f04 method=com.sun.org.apache.xerces.internal.dom.DeferredDocumentImpl.getChunkIndex([[III)I @ 3
Event: 6.829 Thread 0x00000000234bc000 Uncommon trap: reason=class_check action=maybe_recompile pc=0x0000000004646c48 method=com.sun.org.apache.xerces.internal.dom.NamedNodeMapImpl.findNamePoint(Ljava/lang/String;I)I @ 54
Event: 6.829 Thread 0x00000000234bc000 Uncommon trap: reason=class_check action=maybe_recompile pc=0x0000000004646c48 method=com.sun.org.apache.xerces.internal.dom.NamedNodeMapImpl.findNamePoint(Ljava/lang/String;I)I @ 54
Event: 6.829 Thread 0x00000000234bc000 Uncommon trap: reason=class_check action=maybe_recompile pc=0x0000000004646c48 method=com.sun.org.apache.xerces.internal.dom.NamedNodeMapImpl.findNamePoint(Ljava/lang/String;I)I @ 54
Event: 6.829 Thread 0x00000000234bc000 Uncommon trap: reason=class_check action=maybe_recompile pc=0x0000000004646c48 method=com.sun.org.apache.xerces.internal.dom.NamedNodeMapImpl.findNamePoint(Ljava/lang/String;I)I @ 54

Classes redefined (0 events):
No events

Internal exceptions (10 events):
Event: 6.488 Thread 0x000000001cee4800 Exception <a 'java/lang/NoSuchMethodError': java.lang.Object.lambda$flatMap$2(Ljava/util/function/Function;Ljava/lang/Object;)Lorg/gradle/internal/Try;> (0x00000000deeab238) thrown at [C:\src\AOSP-openjdk-git\hotspot\src\share\vm\interpreter\linkResolver.
Event: 6.488 Thread 0x000000001cedd800 Exception <a 'java/lang/NoSuchMethodError': java.lang.Object.lambda$flatMap$2(Ljava/util/function/Function;Ljava/lang/Object;)Lorg/gradle/internal/Try;> (0x00000000ded979c0) thrown at [C:\src\AOSP-openjdk-git\hotspot\src\share\vm\interpreter\linkResolver.
Event: 6.488 Thread 0x000000001cee0000 Exception <a 'java/lang/NoSuchMethodError': java.lang.Object.lambda$flatMap$2(Ljava/util/function/Function;Ljava/lang/Object;)Lorg/gradle/internal/Try;> (0x00000000de7d22e0) thrown at [C:\src\AOSP-openjdk-git\hotspot\src\share\vm\interpreter\linkResolver.
Event: 6.488 Thread 0x000000001cee1800 Exception <a 'java/lang/NoSuchMethodError': java.lang.Object.lambda$flatMap$2(Ljava/util/function/Function;Ljava/lang/Object;)Lorg/gradle/internal/Try;> (0x00000000def8be30) thrown at [C:\src\AOSP-openjdk-git\hotspot\src\share\vm\interpreter\linkResolver.
Event: 6.593 Thread 0x00000000234bc000 Exception <a 'java/lang/NoSuchMethodError': java.lang.Object.lambda$flatMap$0(Ljava/lang/Throwable;)Lorg/gradle/api/internal/artifacts/transform/CacheableInvocation;> (0x00000000de08ceb0) thrown at [C:\src\AOSP-openjdk-git\hotspot\src\share\vm\interpreter
Event: 6.691 Thread 0x00000000234bc000 Exception <a 'java/lang/NoSuchMethodError': java.lang.Object.lambda$comparingByKey$bbdbfea9$1(Ljava/util/Map$Entry;Ljava/util/Map$Entry;)I> (0x00000000e2135830) thrown at [C:\src\AOSP-openjdk-git\hotspot\src\share\vm\interpreter\linkResolver.cpp, line 620
Event: 6.771 Thread 0x00000000234bc000 Implicit null exception at 0x000000000416b9de to 0x000000000416bb61
Event: 6.820 Thread 0x00000000234bc000 Implicit null exception at 0x00000000046217bf to 0x00000000046219dd
Event: 6.821 Thread 0x00000000234bc000 Implicit null exception at 0x0000000004143e9a to 0x0000000004143eed
Event: 6.835 Thread 0x00000000234bc000 Exception <a 'java/lang/NoSuchMethodError': java.lang.Object.lambda$codePoints$1()Ljava/util/Spliterator$OfInt;> (0x00000000e3b390f8) thrown at [C:\src\AOSP-openjdk-git\hotspot\src\share\vm\interpreter\linkResolver.cpp, line 620]

Events (10 events):
Event: 6.841 loading class com/google/common/collect/AbstractMapBasedMultimap$WrappedList
Event: 6.841 loading class com/google/common/collect/AbstractMapBasedMultimap$WrappedList done
Event: 6.842 loading class com/google/common/collect/AbstractMapBasedMultimap$WrappedCollection
Event: 6.842 loading class com/google/common/collect/AbstractMapBasedMultimap$WrappedCollection done
Event: 6.842 loading class com/google/common/collect/LinkedListMultimap$ValueForKeyIterator
Event: 6.842 loading class com/google/common/collect/LinkedListMultimap$ValueForKeyIterator done
Event: 6.859 loading class java/util/HashMap$EntrySpliterator
Event: 6.859 loading class java/util/HashMap$EntrySpliterator done
Event: 6.859 loading class com/android/build/gradle/tasks/MergeResources
Event: 6.859 loading class com/android/build/gradle/tasks/MergeResources done


Dynamic libraries:
0x00007ff6baa00000 - 0x00007ff6baa31000 	C:\Program Files\Android\Android Studio\jre\bin\java.exe
0x00007ffa797d0000 - 0x00007ffa799c5000 	C:\WINDOWS\SYSTEM32\ntdll.dll
0x00007ffa78280000 - 0x00007ffa7833d000 	C:\WINDOWS\System32\KERNEL32.DLL
0x00007ffa76f90000 - 0x00007ffa77258000 	C:\WINDOWS\System32\KERNELBASE.dll
0x00007ffa78d60000 - 0x00007ffa78e0c000 	C:\WINDOWS\System32\ADVAPI32.dll
0x00007ffa77930000 - 0x00007ffa779ce000 	C:\WINDOWS\System32\msvcrt.dll
0x00007ffa78030000 - 0x00007ffa780cb000 	C:\WINDOWS\System32\sechost.dll
0x00007ffa78c20000 - 0x00007ffa78d4b000 	C:\WINDOWS\System32\RPCRT4.dll
0x00007ffa78ee0000 - 0x00007ffa79080000 	C:\WINDOWS\System32\USER32.dll
0x00007ffa77520000 - 0x00007ffa77542000 	C:\WINDOWS\System32\win32u.dll
0x00007ffa78bb0000 - 0x00007ffa78bda000 	C:\WINDOWS\System32\GDI32.dll
0x00007ffa77720000 - 0x00007ffa7782b000 	C:\WINDOWS\System32\gdi32full.dll
0x00007ffa77680000 - 0x00007ffa7771d000 	C:\WINDOWS\System32\msvcp_win.dll
0x00007ffa77420000 - 0x00007ffa77520000 	C:\WINDOWS\System32\ucrtbase.dll
0x00007ffa60f30000 - 0x00007ffa611ca000 	C:\WINDOWS\WinSxS\amd64_microsoft.windows.common-controls_6595b64144ccf1df_6.0.19041.844_none_ca00b6081b84eb1d\COMCTL32.dll
0x00007ffa78bf0000 - 0x00007ffa78c20000 	C:\WINDOWS\System32\IMM32.DLL
0x0000000068300000 - 0x00000000683d2000 	C:\Program Files\Android\Android Studio\jre\jre\bin\msvcr100.dll
0x00000000684c0000 - 0x0000000068d0b000 	C:\Program Files\Android\Android Studio\jre\jre\bin\server\jvm.dll
0x00007ffa78e10000 - 0x00007ffa78e18000 	C:\WINDOWS\System32\PSAPI.DLL
0x00007ffa6d910000 - 0x00007ffa6d937000 	C:\WINDOWS\SYSTEM32\WINMM.dll
0x00007ffa5bb60000 - 0x00007ffa5bb69000 	C:\WINDOWS\SYSTEM32\WSOCK32.dll
0x00007ffa78b40000 - 0x00007ffa78bab000 	C:\WINDOWS\System32\WS2_32.dll
0x00007ffa712e0000 - 0x00007ffa712ea000 	C:\WINDOWS\SYSTEM32\VERSION.dll
0x00007ffa5bb50000 - 0x00007ffa5bb5f000 	C:\Program Files\Android\Android Studio\jre\jre\bin\verify.dll
0x00007ffa5bb20000 - 0x00007ffa5bb49000 	C:\Program Files\Android\Android Studio\jre\jre\bin\java.dll
0x00007ffa5bb00000 - 0x00007ffa5bb16000 	C:\Program Files\Android\Android Studio\jre\jre\bin\zip.dll
0x00007ffa783f0000 - 0x00007ffa78b32000 	C:\WINDOWS\System32\SHELL32.dll
0x00007ffa75080000 - 0x00007ffa75810000 	C:\WINDOWS\SYSTEM32\windows.storage.dll
0x00007ffa77cd0000 - 0x00007ffa78025000 	C:\WINDOWS\System32\combase.dll
0x00007ffa76980000 - 0x00007ffa769ac000 	C:\WINDOWS\SYSTEM32\Wldp.dll
0x00007ffa779d0000 - 0x00007ffa77a7e000 	C:\WINDOWS\System32\SHCORE.dll
0x00007ffa79580000 - 0x00007ffa795d5000 	C:\WINDOWS\System32\shlwapi.dll
0x00007ffa76e50000 - 0x00007ffa76e6f000 	C:\WINDOWS\SYSTEM32\profapi.dll
0x00007ffa5bae0000 - 0x00007ffa5bafa000 	C:\Program Files\Android\Android Studio\jre\jre\bin\net.dll
0x00007ffa766f0000 - 0x00007ffa7675a000 	C:\WINDOWS\system32\mswsock.dll
0x00007ffa5bac0000 - 0x00007ffa5bad3000 	C:\Program Files\Android\Android Studio\jre\jre\bin\nio.dll
0x00007ffa72ca0000 - 0x00007ffa72cc7000 	C:\Users\seunghwan\.gradle\native\f6784746aeab05261644944871eae4fe03e0ef1612fff0a4a95f87b438bc6780\windows-amd64\native-platform.dll
0x00007ffa5bab0000 - 0x00007ffa5babd000 	C:\Program Files\Android\Android Studio\jre\jre\bin\management.dll
0x00007ffa768d0000 - 0x00007ffa768e8000 	C:\WINDOWS\SYSTEM32\CRYPTSP.dll
0x00007ffa76020000 - 0x00007ffa76054000 	C:\WINDOWS\system32\rsaenh.dll
0x00007ffa76f60000 - 0x00007ffa76f87000 	C:\WINDOWS\System32\bcrypt.dll
0x00007ffa76e10000 - 0x00007ffa76e3e000 	C:\WINDOWS\SYSTEM32\USERENV.dll
0x00007ffa77550000 - 0x00007ffa775d0000 	C:\WINDOWS\System32\bcryptprimitives.dll
0x00007ffa768c0000 - 0x00007ffa768cc000 	C:\WINDOWS\SYSTEM32\CRYPTBASE.dll
0x00007ffa76390000 - 0x00007ffa763cb000 	C:\WINDOWS\SYSTEM32\IPHLPAPI.DLL
0x00007ffa78be0000 - 0x00007ffa78be8000 	C:\WINDOWS\System32\NSI.dll
0x00007ffa712a0000 - 0x00007ffa712b7000 	C:\WINDOWS\SYSTEM32\dhcpcsvc6.DLL
0x00007ffa71380000 - 0x00007ffa7139d000 	C:\WINDOWS\SYSTEM32\dhcpcsvc.DLL
0x00007ffa763e0000 - 0x00007ffa764ac000 	C:\WINDOWS\SYSTEM32\DNSAPI.dll
0x00007ffa71850000 - 0x00007ffa7185b000 	C:\WINDOWS\SYSTEM32\WINNSI.DLL

VM Arguments:
jvm_args: -Xmx2048m -Dfile.encoding=UTF-8 -Duser.country=KR -Duser.language=ko -Duser.variant 
java_command: org.gradle.launcher.daemon.bootstrap.GradleDaemon 6.5
java_class_path (initial): C:\Users\seunghwan\.gradle\wrapper\dists\gradle-6.5-bin\6nifqtx7604sqp1q6g8wikw7p\gradle-6.5\lib\gradle-launcher-6.5.jar
Launcher Type: SUN_STANDARD

Environment Variables:
JAVA_HOME=C:\Program Files (x86)\Java\jdk1.8.0_251
PATH=C:\Program Files (x86)\Java\jdk1.8.0_251\bin;C:\Program Files (x86)\Common Files\Oracle\Java\javapath;C:\WINDOWS\system32;C:\WINDOWS;C:\WINDOWS\System32\Wbem;C:\WINDOWS\System32\WindowsPowerShell\v1.0\;C:\WINDOWS\System32\OpenSSH\;C:\Program Files\dotnet\;C:\Program Files\Git\cmd;C:\Program Files\MySQL\MySQL Server 8.0\bin;C:\Program Files (x86)\Brackets\command;C:\AutoSet10\Server\conf\;C:\AutoSet10\Server\bin\;;C:\Program Files (x86)\NVIDIA Corporation\PhysX\Common;C:\Program Files\NVIDIA Corporation\NVIDIA NvDLISR;C:\Users\seunghwan\AppData\Local\Programs\Python\Python37\Scripts\;C:\Users\seunghwan\AppData\Local\Programs\Python\Python37\;C:\Program Files\MySQL\MySQL Shell 8.0\bin\;C:\Users\seunghwan\AppData\Local\Microsoft\WindowsApps;;C:\Program Files\JetBrains\PyCharm Community Edition 2020.2.1\bin;;C:\Users\seunghwan\AppData\Local\Programs\Microsoft VS Code\bin
USERNAME=seunghwan
OS=Windows_NT
PROCESSOR_IDENTIFIER=AMD64 Family 23 Model 113 Stepping 0, AuthenticAMD



---------------  S Y S T E M  ---------------

OS: Windows 10.0 , 64 bit Build 19041 (10.0.19041.928)

CPU:total 12 (initial active 12) (12 cores per cpu, 1 threads per core) family 23 model 113 stepping 0, cmov, cx8, fxsr, mmx, sse, sse2, sse3, ssse3, sse4.1, sse4.2, popcnt, avx, avx2, aes, clmul, mmxext, 3dnowpref, lzcnt, sse4a, tsc, tscinvbit, tscinv, bmi1

Memory: 4k page, physical 16706872k(4263364k free), swap 20900152k(6132k free)

vm_info: OpenJDK 64-Bit Server VM (25.242-b01) for windows-amd64 JRE (1.8.0_242-release-1644-b01), built by "builder" with MS VC++ 10.0 (VS2010)

time: Sun May 23 14:05:28 2021
timezone: 대한민국 표준시
elapsed time: 6 seconds (0d 0h 0m 6s)

